<?xml version="1.0" encoding="UTF-8"?>
<testsuites name="Car Rental Test Suits" time="18" tests="4" failures="0" errors="0">
   <testsuite name="Car Rental Test Suits" tests="4" failures="0" errors="0" time="18" timestamp="2018-10-29 09:35:20" hostname="Vanitha - DESKTOP-SLU6JHH" id="Test Suites/Decision Tables/Car Rental/Car Rental Test Suits">
      <properties>
         <property name="deviceName" value=""/>
         <property name="devicePlatform" value=""/>
         <property name="logFolder" value="D:\\Softwares\\KatalanStudioProjects\\UdemyProject\\Reports\\Decision Tables\\Car Rental\\Car Rental Test Suits\\20181029_093513"/>
         <property name="logFiles" value="D:\\Softwares\\KatalanStudioProjects\\UdemyProject\\Reports\\Decision Tables\\Car Rental\\Car Rental Test Suits\\20181029_093513\\execution0.log"/>
         <property name="attachments" value=""/>
         <property name="hostName" value="Vanitha - DESKTOP-SLU6JHH"/>
         <property name="os" value="Windows 10 64bit"/>
         <property name="katalonVersion" value="5.8.3.2"/>
         <property name="browser" value="Chrome 70.0.3538.77"/>
         <property name="hostAddress" value="192.168.56.100"/>
         <property name="sessionId" value="5c466197ce394c6c702641118016935e"/>
         <property name="seleniumVersion" value="3.7.1"/>
         <property name="proxyInformation" value="ProxyInformation{proxyOption=NO_PROXY, proxyServerType=HTTP, password=, proxyServerAddress=, proxyServerPort=0}"/>
         <property name="platform" value="Windows 10"/>
      </properties>
      <testcase name="Test Cases/Isqtb/Decision tables/Car Rental/Rules/Car Rental Rule1" classname="Test Cases/Isqtb/Decision tables/Car Rental/Rules/Car Rental Rule1" status="PASSED">
         <system-out><![CDATA[2018-10-29 09:35:20 - [TEST_CASE][PASSED] - Test Cases/Isqtb/Decision tables/Car Rental/Rules/Car Rental Rule1: Test Cases/Isqtb/Decision tables/Car Rental/Rules/Car Rental Rule1

2018-10-29 09:35:20 - [TEST_STEP][PASSED] - openBrowser: Browser is opened with url: ''

2018-10-29 09:35:23 - [MESSAGE][PASSED] - Browser is opened with url: ''

2018-10-29 09:35:23 - [TEST_STEP][PASSED] - navigateToUrl: Navigate to 'http://192.168.56.102:8080/spring-mvc-forms' successfully

2018-10-29 09:35:24 - [MESSAGE][PASSED] - Navigate to 'http://192.168.56.102:8080/spring-mvc-forms' successfully

2018-10-29 09:35:24 - [TEST_STEP][PASSED] - click: Object: 'Object Repository/Decision Tables/Car Rental Repository/Rule 1/Page_Home page/a_Decision Tree on Car Rentals' is clicked on

2018-10-29 09:35:25 - [MESSAGE][PASSED] - Object: 'Object Repository/Decision Tables/Car Rental Repository/Rule 1/Page_Home page/a_Decision Tree on Car Rentals' is clicked on

2018-10-29 09:35:25 - [TEST_STEP][PASSED] - setText: Text 'ttt' is set on object 'Object Repository/Decision Tables/Car Rental Repository/Rule 1/Page_Car Rentals/input_Name_name'

2018-10-29 09:35:25 - [MESSAGE][PASSED] - Text 'ttt' is set on object 'Object Repository/Decision Tables/Car Rental Repository/Rule 1/Page_Car Rentals/input_Name_name'

2018-10-29 09:35:25 - [TEST_STEP][PASSED] - setText: Text '15' is set on object 'Object Repository/Decision Tables/Car Rental Repository/Rule 1/Page_Car Rentals/input_Age_age'

2018-10-29 09:35:25 - [MESSAGE][PASSED] - Text '15' is set on object 'Object Repository/Decision Tables/Car Rental Repository/Rule 1/Page_Car Rentals/input_Age_age'

2018-10-29 09:35:25 - [TEST_STEP][PASSED] - click: Object: 'Object Repository/Decision Tables/Car Rental Repository/Rule 1/Page_Car Rentals/input_Clean Driving Record_cle' is clicked on

2018-10-29 09:35:25 - [MESSAGE][PASSED] - Object: 'Object Repository/Decision Tables/Car Rental Repository/Rule 1/Page_Car Rentals/input_Clean Driving Record_cle' is clicked on

2018-10-29 09:35:25 - [TEST_STEP][PASSED] - click: Object: 'Object Repository/Decision Tables/Car Rental Repository/Rule 1/Page_Car Rentals/input_On Businesss_onbusiness' is clicked on

2018-10-29 09:35:25 - [MESSAGE][PASSED] - Object: 'Object Repository/Decision Tables/Car Rental Repository/Rule 1/Page_Car Rentals/input_On Businesss_onbusiness' is clicked on

2018-10-29 09:35:25 - [TEST_STEP][PASSED] - click: Object: 'Object Repository/Decision Tables/Car Rental Repository/Rule 1/Page_Car Rentals/input' is clicked on

2018-10-29 09:35:26 - [MESSAGE][PASSED] - Object: 'Object Repository/Decision Tables/Car Rental Repository/Rule 1/Page_Car Rentals/input' is clicked on

2018-10-29 09:35:26 - [TEST_STEP][PASSED] - click: Object: 'Object Repository/Decision Tables/Car Rental Repository/Rule 1/Page_Black Box Output/td_ttt' is clicked on

2018-10-29 09:35:26 - [MESSAGE][PASSED] - Object: 'Object Repository/Decision Tables/Car Rental Repository/Rule 1/Page_Black Box Output/td_ttt' is clicked on

2018-10-29 09:35:26 - [TEST_STEP][PASSED] - click: Object: 'Object Repository/Decision Tables/Car Rental Repository/Rule 1/Page_Black Box Output/td_15' is clicked on

2018-10-29 09:35:26 - [MESSAGE][PASSED] - Object: 'Object Repository/Decision Tables/Car Rental Repository/Rule 1/Page_Black Box Output/td_15' is clicked on

2018-10-29 09:35:26 - [TEST_STEP][PASSED] - click: Object: 'Object Repository/Decision Tables/Car Rental Repository/Rule 1/Page_Black Box Output/td_true' is clicked on

2018-10-29 09:35:26 - [MESSAGE][PASSED] - Object: 'Object Repository/Decision Tables/Car Rental Repository/Rule 1/Page_Black Box Output/td_true' is clicked on

2018-10-29 09:35:26 - [TEST_STEP][PASSED] - click: Object: 'Object Repository/Decision Tables/Car Rental Repository/Rule 1/Page_Black Box Output/td_true' is clicked on

2018-10-29 09:35:26 - [MESSAGE][PASSED] - Object: 'Object Repository/Decision Tables/Car Rental Repository/Rule 1/Page_Black Box Output/td_true' is clicked on

2018-10-29 09:35:26 - [TEST_STEP][PASSED] - click: Object: 'Object Repository/Decision Tables/Car Rental Repository/Rule 1/Page_Black Box Output/table_Name tttAge 15Clean Driv' is clicked on

2018-10-29 09:35:26 - [MESSAGE][PASSED] - Object: 'Object Repository/Decision Tables/Car Rental Repository/Rule 1/Page_Black Box Output/table_Name tttAge 15Clean Driv' is clicked on

2018-10-29 09:35:26 - [TEST_STEP][PASSED] - click: Object: 'Object Repository/Decision Tables/Car Rental Repository/Rule 1/Page_Black Box Output/td_false' is clicked on

2018-10-29 09:35:26 - [MESSAGE][PASSED] - Object: 'Object Repository/Decision Tables/Car Rental Repository/Rule 1/Page_Black Box Output/td_false' is clicked on

2018-10-29 09:35:26 - [TEST_STEP][PASSED] - click: Object: 'Object Repository/Decision Tables/Car Rental Repository/Rule 1/Page_Black Box Output/td_false_1' is clicked on

2018-10-29 09:35:26 - [MESSAGE][PASSED] - Object: 'Object Repository/Decision Tables/Car Rental Repository/Rule 1/Page_Black Box Output/td_false_1' is clicked on

2018-10-29 09:35:26 - [TEST_STEP][PASSED] - verifyElementText: Actual text and expected text of test object 'Object Repository/Decision Tables/Car Rental Repository/Rule 1/Page_Black Box Output/td_false' are matched.

2018-10-29 09:35:26 - [MESSAGE][PASSED] - Actual text and expected text of test object 'Object Repository/Decision Tables/Car Rental Repository/Rule 1/Page_Black Box Output/td_false' are matched.

2018-10-29 09:35:26 - [TEST_STEP][PASSED] - verifyElementText: Actual text and expected text of test object 'Object Repository/Decision Tables/Car Rental Repository/Rule 1/Page_Black Box Output/td_false_1' are matched.

2018-10-29 09:35:26 - [MESSAGE][PASSED] - Actual text and expected text of test object 'Object Repository/Decision Tables/Car Rental Repository/Rule 1/Page_Black Box Output/td_false_1' are matched.

2018-10-29 09:35:26 - [TEST_STEP][PASSED] - closeBrowser: Browser is closed

2018-10-29 09:35:27 - [MESSAGE][PASSED] - Browser is closed]]></system-out>
         <system-err><![CDATA[]]></system-err>
      </testcase>
      <testcase name="Test Cases/Isqtb/Decision tables/Car Rental/Rules/Car Rental Rule 4" classname="Test Cases/Isqtb/Decision tables/Car Rental/Rules/Car Rental Rule 4" status="PASSED">
         <system-out><![CDATA[2018-10-29 09:35:27 - [TEST_CASE][PASSED] - Test Cases/Isqtb/Decision tables/Car Rental/Rules/Car Rental Rule 4: Test Cases/Isqtb/Decision tables/Car Rental/Rules/Car Rental Rule 4

2018-10-29 09:35:27 - [TEST_STEP][PASSED] - openBrowser: Browser is opened with url: ''

2018-10-29 09:35:29 - [MESSAGE][PASSED] - Browser is opened with url: ''

2018-10-29 09:35:29 - [TEST_STEP][PASSED] - navigateToUrl: Navigate to 'http://192.168.56.102:8080/spring-mvc-forms' successfully

2018-10-29 09:35:29 - [MESSAGE][PASSED] - Navigate to 'http://192.168.56.102:8080/spring-mvc-forms' successfully

2018-10-29 09:35:29 - [TEST_STEP][PASSED] - click: Object: 'Object Repository/Decision Tables/Car Rental Repository/Rule 4/Page_Home page/a_Decision Tree on Car Rentals' is clicked on

2018-10-29 09:35:29 - [MESSAGE][PASSED] - Object: 'Object Repository/Decision Tables/Car Rental Repository/Rule 4/Page_Home page/a_Decision Tree on Car Rentals' is clicked on

2018-10-29 09:35:29 - [TEST_STEP][PASSED] - setText: Text 'kkk' is set on object 'Object Repository/Decision Tables/Car Rental Repository/Rule 4/Page_Car Rentals/input_Name_name'

2018-10-29 09:35:30 - [MESSAGE][PASSED] - Text 'kkk' is set on object 'Object Repository/Decision Tables/Car Rental Repository/Rule 4/Page_Car Rentals/input_Name_name'

2018-10-29 09:35:30 - [TEST_STEP][PASSED] - setText: Text '45' is set on object 'Object Repository/Decision Tables/Car Rental Repository/Rule 4/Page_Car Rentals/input_Age_age'

2018-10-29 09:35:30 - [MESSAGE][PASSED] - Text '45' is set on object 'Object Repository/Decision Tables/Car Rental Repository/Rule 4/Page_Car Rentals/input_Age_age'

2018-10-29 09:35:30 - [TEST_STEP][PASSED] - click: Object: 'Object Repository/Decision Tables/Car Rental Repository/Rule 4/Page_Car Rentals/input_Clean Driving Record_cle' is clicked on

2018-10-29 09:35:30 - [MESSAGE][PASSED] - Object: 'Object Repository/Decision Tables/Car Rental Repository/Rule 4/Page_Car Rentals/input_Clean Driving Record_cle' is clicked on

2018-10-29 09:35:30 - [TEST_STEP][PASSED] - click: Object: 'Object Repository/Decision Tables/Car Rental Repository/Rule 4/Page_Car Rentals/input_On Businesss_onbusiness' is clicked on

2018-10-29 09:35:30 - [MESSAGE][PASSED] - Object: 'Object Repository/Decision Tables/Car Rental Repository/Rule 4/Page_Car Rentals/input_On Businesss_onbusiness' is clicked on

2018-10-29 09:35:30 - [TEST_STEP][PASSED] - click: Object: 'Object Repository/Decision Tables/Car Rental Repository/Rule 4/Page_Car Rentals/input' is clicked on

2018-10-29 09:35:30 - [MESSAGE][PASSED] - Object: 'Object Repository/Decision Tables/Car Rental Repository/Rule 4/Page_Car Rentals/input' is clicked on

2018-10-29 09:35:30 - [TEST_STEP][PASSED] - click: Object: 'Object Repository/Decision Tables/Car Rental Repository/Rule 4/Page_Black Box Output/td_Supply Rental Car' is clicked on

2018-10-29 09:35:30 - [MESSAGE][PASSED] - Object: 'Object Repository/Decision Tables/Car Rental Repository/Rule 4/Page_Black Box Output/td_Supply Rental Car' is clicked on

2018-10-29 09:35:30 - [TEST_STEP][PASSED] - click: Object: 'Object Repository/Decision Tables/Car Rental Repository/Rule 4/Page_Black Box Output/td_true' is clicked on

2018-10-29 09:35:30 - [MESSAGE][PASSED] - Object: 'Object Repository/Decision Tables/Car Rental Repository/Rule 4/Page_Black Box Output/td_true' is clicked on

2018-10-29 09:35:30 - [TEST_STEP][PASSED] - click: Object: 'Object Repository/Decision Tables/Car Rental Repository/Rule 4/Page_Black Box Output/td_Premium Charge' is clicked on

2018-10-29 09:35:30 - [MESSAGE][PASSED] - Object: 'Object Repository/Decision Tables/Car Rental Repository/Rule 4/Page_Black Box Output/td_Premium Charge' is clicked on

2018-10-29 09:35:30 - [TEST_STEP][PASSED] - click: Object: 'Object Repository/Decision Tables/Car Rental Repository/Rule 4/Page_Black Box Output/td_true_1' is clicked on

2018-10-29 09:35:30 - [MESSAGE][PASSED] - Object: 'Object Repository/Decision Tables/Car Rental Repository/Rule 4/Page_Black Box Output/td_true_1' is clicked on

2018-10-29 09:35:30 - [TEST_STEP][PASSED] - click: Object: 'Object Repository/Decision Tables/Car Rental Repository/Rule 4/Page_Black Box Output/td_Supply Rental Car' is clicked on

2018-10-29 09:35:30 - [MESSAGE][PASSED] - Object: 'Object Repository/Decision Tables/Car Rental Repository/Rule 4/Page_Black Box Output/td_Supply Rental Car' is clicked on

2018-10-29 09:35:30 - [TEST_STEP][PASSED] - click: Object: 'Object Repository/Decision Tables/Car Rental Repository/Rule 4/Page_Black Box Output/td_true' is clicked on

2018-10-29 09:35:30 - [MESSAGE][PASSED] - Object: 'Object Repository/Decision Tables/Car Rental Repository/Rule 4/Page_Black Box Output/td_true' is clicked on

2018-10-29 09:35:30 - [TEST_STEP][PASSED] - verifyElementText: Actual text and expected text of test object 'Object Repository/Decision Tables/Car Rental Repository/Rule 4/Page_Black Box Output/td_true' are matched.

2018-10-29 09:35:30 - [MESSAGE][PASSED] - Actual text and expected text of test object 'Object Repository/Decision Tables/Car Rental Repository/Rule 4/Page_Black Box Output/td_true' are matched.

2018-10-29 09:35:30 - [TEST_STEP][PASSED] - verifyElementText: Actual text and expected text of test object 'Object Repository/Decision Tables/Car Rental Repository/Rule 4/Page_Black Box Output/td_true_1' are matched.

2018-10-29 09:35:30 - [MESSAGE][PASSED] - Actual text and expected text of test object 'Object Repository/Decision Tables/Car Rental Repository/Rule 4/Page_Black Box Output/td_true_1' are matched.

2018-10-29 09:35:30 - [TEST_STEP][PASSED] - closeBrowser: Browser is closed

2018-10-29 09:35:31 - [MESSAGE][PASSED] - Browser is closed]]></system-out>
         <system-err><![CDATA[]]></system-err>
      </testcase>
      <testcase name="Test Cases/Isqtb/Decision tables/Car Rental/Rules/Car Rental Rule 3" classname="Test Cases/Isqtb/Decision tables/Car Rental/Rules/Car Rental Rule 3" status="PASSED">
         <system-out><![CDATA[2018-10-29 09:35:31 - [TEST_CASE][PASSED] - Test Cases/Isqtb/Decision tables/Car Rental/Rules/Car Rental Rule 3: Test Cases/Isqtb/Decision tables/Car Rental/Rules/Car Rental Rule 3

2018-10-29 09:35:31 - [TEST_STEP][PASSED] - openBrowser: Browser is opened with url: ''

2018-10-29 09:35:33 - [MESSAGE][PASSED] - Browser is opened with url: ''

2018-10-29 09:35:33 - [TEST_STEP][PASSED] - navigateToUrl: Navigate to 'http://192.168.56.102:8080/spring-mvc-forms' successfully

2018-10-29 09:35:33 - [MESSAGE][PASSED] - Navigate to 'http://192.168.56.102:8080/spring-mvc-forms' successfully

2018-10-29 09:35:33 - [TEST_STEP][PASSED] - click: Object: 'Object Repository/Decision Tables/Car Rental Repository/Rule 3/Page_Home page/a_Decision Tree on Car Rentals' is clicked on

2018-10-29 09:35:33 - [MESSAGE][PASSED] - Object: 'Object Repository/Decision Tables/Car Rental Repository/Rule 3/Page_Home page/a_Decision Tree on Car Rentals' is clicked on

2018-10-29 09:35:33 - [TEST_STEP][PASSED] - setText: Text 'rrr' is set on object 'Object Repository/Decision Tables/Car Rental Repository/Rule 3/Page_Car Rentals/input_Name_name'

2018-10-29 09:35:33 - [MESSAGE][PASSED] - Text 'rrr' is set on object 'Object Repository/Decision Tables/Car Rental Repository/Rule 3/Page_Car Rentals/input_Name_name'

2018-10-29 09:35:33 - [TEST_STEP][PASSED] - setText: Text '34' is set on object 'Object Repository/Decision Tables/Car Rental Repository/Rule 3/Page_Car Rentals/input_Age_age'

2018-10-29 09:35:33 - [MESSAGE][PASSED] - Text '34' is set on object 'Object Repository/Decision Tables/Car Rental Repository/Rule 3/Page_Car Rentals/input_Age_age'

2018-10-29 09:35:33 - [TEST_STEP][PASSED] - click: Object: 'Object Repository/Decision Tables/Car Rental Repository/Rule 3/Page_Car Rentals/input_Clean Driving Record_cle' is clicked on

2018-10-29 09:35:33 - [MESSAGE][PASSED] - Object: 'Object Repository/Decision Tables/Car Rental Repository/Rule 3/Page_Car Rentals/input_Clean Driving Record_cle' is clicked on

2018-10-29 09:35:33 - [TEST_STEP][PASSED] - click: Object: 'Object Repository/Decision Tables/Car Rental Repository/Rule 3/Page_Car Rentals/input' is clicked on

2018-10-29 09:35:33 - [MESSAGE][PASSED] - Object: 'Object Repository/Decision Tables/Car Rental Repository/Rule 3/Page_Car Rentals/input' is clicked on

2018-10-29 09:35:33 - [TEST_STEP][PASSED] - click: Object: 'Object Repository/Decision Tables/Car Rental Repository/Rule 3/Page_Black Box Output/td_Supply Rental Car' is clicked on

2018-10-29 09:35:33 - [MESSAGE][PASSED] - Object: 'Object Repository/Decision Tables/Car Rental Repository/Rule 3/Page_Black Box Output/td_Supply Rental Car' is clicked on

2018-10-29 09:35:33 - [TEST_STEP][PASSED] - click: Object: 'Object Repository/Decision Tables/Car Rental Repository/Rule 3/Page_Black Box Output/td_true' is clicked on

2018-10-29 09:35:34 - [MESSAGE][PASSED] - Object: 'Object Repository/Decision Tables/Car Rental Repository/Rule 3/Page_Black Box Output/td_true' is clicked on

2018-10-29 09:35:34 - [TEST_STEP][PASSED] - click: Object: 'Object Repository/Decision Tables/Car Rental Repository/Rule 3/Page_Black Box Output/td_Premium Charge' is clicked on

2018-10-29 09:35:34 - [MESSAGE][PASSED] - Object: 'Object Repository/Decision Tables/Car Rental Repository/Rule 3/Page_Black Box Output/td_Premium Charge' is clicked on

2018-10-29 09:35:34 - [TEST_STEP][PASSED] - click: Object: 'Object Repository/Decision Tables/Car Rental Repository/Rule 3/Page_Black Box Output/td_false' is clicked on

2018-10-29 09:35:34 - [MESSAGE][PASSED] - Object: 'Object Repository/Decision Tables/Car Rental Repository/Rule 3/Page_Black Box Output/td_false' is clicked on

2018-10-29 09:35:34 - [TEST_STEP][PASSED] - verifyElementText: Actual text and expected text of test object 'Object Repository/Decision Tables/Car Rental Repository/Rule 3/Page_Black Box Output/td_true' are matched.

2018-10-29 09:35:34 - [MESSAGE][PASSED] - Actual text and expected text of test object 'Object Repository/Decision Tables/Car Rental Repository/Rule 3/Page_Black Box Output/td_true' are matched.

2018-10-29 09:35:34 - [TEST_STEP][PASSED] - verifyElementText: Actual text and expected text of test object 'Object Repository/Decision Tables/Car Rental Repository/Rule 3/Page_Black Box Output/td_false' are matched.

2018-10-29 09:35:34 - [MESSAGE][PASSED] - Actual text and expected text of test object 'Object Repository/Decision Tables/Car Rental Repository/Rule 3/Page_Black Box Output/td_false' are matched.

2018-10-29 09:35:34 - [TEST_STEP][PASSED] - closeBrowser: Browser is closed

2018-10-29 09:35:34 - [MESSAGE][PASSED] - Browser is closed]]></system-out>
         <system-err><![CDATA[]]></system-err>
      </testcase>
      <testcase name="Test Cases/Isqtb/Decision tables/Car Rental/Rules/Car Rental Rule 2" classname="Test Cases/Isqtb/Decision tables/Car Rental/Rules/Car Rental Rule 2" status="PASSED">
         <system-out><![CDATA[2018-10-29 09:35:34 - [TEST_CASE][PASSED] - Test Cases/Isqtb/Decision tables/Car Rental/Rules/Car Rental Rule 2: Test Cases/Isqtb/Decision tables/Car Rental/Rules/Car Rental Rule 2

2018-10-29 09:35:34 - [TEST_STEP][PASSED] - openBrowser: Browser is opened with url: ''

2018-10-29 09:35:36 - [MESSAGE][PASSED] - Browser is opened with url: ''

2018-10-29 09:35:36 - [TEST_STEP][PASSED] - navigateToUrl: Navigate to 'http://192.168.56.102:8080/spring-mvc-forms' successfully

2018-10-29 09:35:36 - [MESSAGE][PASSED] - Navigate to 'http://192.168.56.102:8080/spring-mvc-forms' successfully

2018-10-29 09:35:36 - [TEST_STEP][PASSED] - click: Object: 'Object Repository/Decision Tables/Car Rental Repository/Rule 2/Page_Home page/a_Decision Tree on Car Rentals' is clicked on

2018-10-29 09:35:37 - [MESSAGE][PASSED] - Object: 'Object Repository/Decision Tables/Car Rental Repository/Rule 2/Page_Home page/a_Decision Tree on Car Rentals' is clicked on

2018-10-29 09:35:37 - [TEST_STEP][PASSED] - setText: Text 'yyy' is set on object 'Object Repository/Decision Tables/Car Rental Repository/Rule 2/Page_Car Rentals/input_Name_name'

2018-10-29 09:35:37 - [MESSAGE][PASSED] - Text 'yyy' is set on object 'Object Repository/Decision Tables/Car Rental Repository/Rule 2/Page_Car Rentals/input_Name_name'

2018-10-29 09:35:37 - [TEST_STEP][PASSED] - setText: Text '26' is set on object 'Object Repository/Decision Tables/Car Rental Repository/Rule 2/Page_Car Rentals/input_Age_age'

2018-10-29 09:35:37 - [MESSAGE][PASSED] - Text '26' is set on object 'Object Repository/Decision Tables/Car Rental Repository/Rule 2/Page_Car Rentals/input_Age_age'

2018-10-29 09:35:37 - [TEST_STEP][PASSED] - click: Object: 'Object Repository/Decision Tables/Car Rental Repository/Rule 2/Page_Car Rentals/input_On Businesss_onbusiness' is clicked on

2018-10-29 09:35:37 - [MESSAGE][PASSED] - Object: 'Object Repository/Decision Tables/Car Rental Repository/Rule 2/Page_Car Rentals/input_On Businesss_onbusiness' is clicked on

2018-10-29 09:35:37 - [TEST_STEP][PASSED] - click: Object: 'Object Repository/Decision Tables/Car Rental Repository/Rule 2/Page_Car Rentals/input' is clicked on

2018-10-29 09:35:37 - [MESSAGE][PASSED] - Object: 'Object Repository/Decision Tables/Car Rental Repository/Rule 2/Page_Car Rentals/input' is clicked on

2018-10-29 09:35:37 - [TEST_STEP][PASSED] - click: Object: 'Object Repository/Decision Tables/Car Rental Repository/Rule 2/Page_Black Box Output/td_Supply Rental Car' is clicked on

2018-10-29 09:35:37 - [MESSAGE][PASSED] - Object: 'Object Repository/Decision Tables/Car Rental Repository/Rule 2/Page_Black Box Output/td_Supply Rental Car' is clicked on

2018-10-29 09:35:37 - [TEST_STEP][PASSED] - click: Object: 'Object Repository/Decision Tables/Car Rental Repository/Rule 2/Page_Black Box Output/td_false' is clicked on

2018-10-29 09:35:37 - [MESSAGE][PASSED] - Object: 'Object Repository/Decision Tables/Car Rental Repository/Rule 2/Page_Black Box Output/td_false' is clicked on

2018-10-29 09:35:37 - [TEST_STEP][PASSED] - click: Object: 'Object Repository/Decision Tables/Car Rental Repository/Rule 2/Page_Black Box Output/td_Premium Charge' is clicked on

2018-10-29 09:35:37 - [MESSAGE][PASSED] - Object: 'Object Repository/Decision Tables/Car Rental Repository/Rule 2/Page_Black Box Output/td_Premium Charge' is clicked on

2018-10-29 09:35:37 - [TEST_STEP][PASSED] - click: Object: 'Object Repository/Decision Tables/Car Rental Repository/Rule 2/Page_Black Box Output/td_false_1' is clicked on

2018-10-29 09:35:37 - [MESSAGE][PASSED] - Object: 'Object Repository/Decision Tables/Car Rental Repository/Rule 2/Page_Black Box Output/td_false_1' is clicked on

2018-10-29 09:35:37 - [TEST_STEP][PASSED] - verifyElementText: Actual text and expected text of test object 'Object Repository/Decision Tables/Car Rental Repository/Rule 2/Page_Black Box Output/td_false' are matched.

2018-10-29 09:35:37 - [MESSAGE][PASSED] - Actual text and expected text of test object 'Object Repository/Decision Tables/Car Rental Repository/Rule 2/Page_Black Box Output/td_false' are matched.

2018-10-29 09:35:37 - [TEST_STEP][PASSED] - verifyElementText: Actual text and expected text of test object 'Object Repository/Decision Tables/Car Rental Repository/Rule 2/Page_Black Box Output/td_false_1' are matched.

2018-10-29 09:35:37 - [MESSAGE][PASSED] - Actual text and expected text of test object 'Object Repository/Decision Tables/Car Rental Repository/Rule 2/Page_Black Box Output/td_false_1' are matched.

2018-10-29 09:35:37 - [TEST_STEP][PASSED] - closeBrowser: Browser is closed

2018-10-29 09:35:38 - [MESSAGE][PASSED] - Browser is closed]]></system-out>
         <system-err><![CDATA[]]></system-err>
      </testcase>
      <system-out><![CDATA[2018-10-29 09:35:20 - [TEST_SUITE][PASSED] - Car Rental Test Suits: Test Cases/Isqtb/Decision tables/Car Rental/Rules/Car Rental Rule 2]]></system-out>
      <system-err><![CDATA[]]></system-err>
   </testsuite>
</testsuites>
